  Gotham.cpp
C:\Users\z3839\Documents\Gotham\GothamCity\Window.h(12,36): warning C4244: 'return': conversión de 'GLint' a 'GLfloat'; posible pérdida de datos
C:\Users\z3839\Documents\Gotham\GothamCity\Window.h(13,37): warning C4244: 'return': conversión de 'GLint' a 'GLfloat'; posible pérdida de datos
C:\Users\z3839\Documents\Gotham\GothamCity\Gotham.cpp(352,2): warning C4305: 'inicializando': truncamiento de 'double' a 'GLfloat'
C:\Users\z3839\Documents\Gotham\GothamCity\Gotham.cpp(1582,15): warning C4244: 'inicializando': conversión de 'double' a 'GLfloat'; posible pérdida de datos
C:\Users\z3839\Documents\Gotham\GothamCity\Gotham.cpp(1584,43): warning C4244: '+=': conversión de 'double' a 'GLfloat'; posible pérdida de datos
C:\Users\z3839\Documents\Gotham\GothamCity\Gotham.cpp(2103,25): warning C4305: '-=': truncamiento de 'double' a 'float'
C:\Users\z3839\Documents\Gotham\GothamCity\Gotham.cpp(2568,15): warning C4018: '<': no coinciden signed/unsigned
C:\Users\z3839\Documents\Gotham\GothamCity\Gotham.cpp(2570,23): warning C4018: '<': no coinciden signed/unsigned
C:\Users\z3839\Documents\Gotham\GothamCity\Gotham.cpp(2570,49): warning C4018: '>': no coinciden signed/unsigned
C:\Users\z3839\Documents\Gotham\GothamCity\Gotham.cpp(2577,16): warning C4018: '>=': no coinciden signed/unsigned
C:\Users\z3839\Documents\Gotham\GothamCity\Gotham.cpp(3030,16): warning C4018: '<': no coinciden signed/unsigned
C:\Users\z3839\Documents\Gotham\GothamCity\Gotham.cpp(3033,22): warning C4018: '<': no coinciden signed/unsigned
C:\Users\z3839\Documents\Gotham\GothamCity\Gotham.cpp(3033,48): warning C4018: '>': no coinciden signed/unsigned
C:\Users\z3839\Documents\Gotham\GothamCity\Gotham.cpp(3175,16): warning C4018: '<': no coinciden signed/unsigned
C:\Users\z3839\Documents\Gotham\GothamCity\Gotham.cpp(3178,22): warning C4018: '<': no coinciden signed/unsigned
C:\Users\z3839\Documents\Gotham\GothamCity\Gotham.cpp(3178,50): warning C4018: '>': no coinciden signed/unsigned
C:\Users\z3839\Documents\Gotham\GothamCity\Gotham.cpp(3324,16): warning C4018: '<': no coinciden signed/unsigned
C:\Users\z3839\Documents\Gotham\GothamCity\Gotham.cpp(3327,22): warning C4018: '<': no coinciden signed/unsigned
C:\Users\z3839\Documents\Gotham\GothamCity\Gotham.cpp(3327,52): warning C4018: '>': no coinciden signed/unsigned
C:\Users\z3839\Documents\Gotham\GothamCity\Gotham.cpp(3468,16): warning C4018: '<': no coinciden signed/unsigned
C:\Users\z3839\Documents\Gotham\GothamCity\Gotham.cpp(3471,22): warning C4018: '<': no coinciden signed/unsigned
C:\Users\z3839\Documents\Gotham\GothamCity\Gotham.cpp(3471,48): warning C4018: '>': no coinciden signed/unsigned
C:\Users\z3839\Documents\Gotham\GothamCity\Gotham.cpp(3996,16): warning C4018: '<': no coinciden signed/unsigned
C:\Users\z3839\Documents\Gotham\GothamCity\Gotham.cpp(3999,22): warning C4018: '<': no coinciden signed/unsigned
C:\Users\z3839\Documents\Gotham\GothamCity\Gotham.cpp(3999,48): warning C4018: '>': no coinciden signed/unsigned
C:\Users\z3839\Documents\Gotham\GothamCity\Gotham.cpp(4146,16): warning C4018: '<': no coinciden signed/unsigned
C:\Users\z3839\Documents\Gotham\GothamCity\Gotham.cpp(4149,22): warning C4018: '<': no coinciden signed/unsigned
C:\Users\z3839\Documents\Gotham\GothamCity\Gotham.cpp(4149,52): warning C4018: '>': no coinciden signed/unsigned
C:\Users\z3839\Documents\Gotham\GothamCity\Gotham.cpp(4299,16): warning C4018: '<': no coinciden signed/unsigned
C:\Users\z3839\Documents\Gotham\GothamCity\Gotham.cpp(4302,22): warning C4018: '<': no coinciden signed/unsigned
C:\Users\z3839\Documents\Gotham\GothamCity\Gotham.cpp(4302,52): warning C4018: '>': no coinciden signed/unsigned
C:\Users\z3839\Documents\Gotham\GothamCity\Gotham.cpp(4388,17): warning C4018: '<': no coinciden signed/unsigned
C:\Users\z3839\Documents\Gotham\GothamCity\Gotham.cpp(4546,22): warning C4018: '>': no coinciden signed/unsigned
C:\Users\z3839\Documents\Gotham\GothamCity\Gotham.cpp(4546,50): warning C4018: '<': no coinciden signed/unsigned
C:\Users\z3839\Documents\Gotham\GothamCity\Gotham.cpp(4594,22): warning C4018: '>': no coinciden signed/unsigned
  GothamCity.vcxproj -> C:\Users\z3839\Documents\Gotham\GothamCity\Debug\GothamCity.exe
